<?xml version="1.0" encoding="UTF-8"?>
<testsuite name="com.kenzie.chat.webapi.controller.CommentControllerTest" tests="2" skipped="0" failures="0" errors="0" timestamp="2022-12-18T05:13:18" hostname="MSI" time="1.323">
  <properties/>
  <testcase name="deactivated_user_leaves_comment()" classname="com.kenzie.chat.webapi.controller.CommentControllerTest" time="0.565"/>
  <testcase name="can_create_comment()" classname="com.kenzie.chat.webapi.controller.CommentControllerTest" time="0.758"/>
  <system-out><![CDATA[2022-12-17 21:13:09  INFO  AbstractContextLoader - Could not detect default resource locations for test class [com.kenzie.chat.webapi.controller.CommentControllerTest]: no resource found for suffixes {-context.xml, Context.groovy}.
2022-12-17 21:13:09  INFO  AnnotationConfigContextLoaderUtils - Could not detect default configuration classes for test class [com.kenzie.chat.webapi.controller.CommentControllerTest]: CommentControllerTest does not declare any static, non-private, non-final, nested classes annotated with @Configuration.
2022-12-17 21:13:09  INFO  SpringBootTestContextBootstrapper - Found @SpringBootConfiguration com.kenzie.chat.Application for test class com.kenzie.chat.webapi.controller.CommentControllerTest
2022-12-17 21:13:09  INFO  SpringBootTestContextBootstrapper - Loaded default TestExecutionListener class names from location [META-INF/spring.factories]: [org.springframework.boot.test.autoconfigure.restdocs.RestDocsTestExecutionListener, org.springframework.boot.test.autoconfigure.web.client.MockRestServiceServerResetTestExecutionListener, org.springframework.boot.test.autoconfigure.web.servlet.MockMvcPrintOnlyOnFailureTestExecutionListener, org.springframework.boot.test.autoconfigure.web.servlet.WebDriverTestExecutionListener, org.springframework.boot.test.autoconfigure.webservices.client.MockWebServiceServerTestExecutionListener, org.springframework.boot.test.mock.mockito.MockitoTestExecutionListener, org.springframework.boot.test.mock.mockito.ResetMocksTestExecutionListener, org.springframework.test.context.web.ServletTestExecutionListener, org.springframework.test.context.support.DirtiesContextBeforeModesTestExecutionListener, org.springframework.test.context.event.ApplicationEventsTestExecutionListener, org.springframework.test.context.support.DependencyInjectionTestExecutionListener, org.springframework.test.context.support.DirtiesContextTestExecutionListener, org.springframework.test.context.transaction.TransactionalTestExecutionListener, org.springframework.test.context.jdbc.SqlScriptsTestExecutionListener, org.springframework.test.context.event.EventPublishingTestExecutionListener]
2022-12-17 21:13:09  INFO  SpringBootTestContextBootstrapper - Using TestExecutionListeners: [org.springframework.test.context.web.ServletTestExecutionListener@5843d22e, org.springframework.test.context.support.DirtiesContextBeforeModesTestExecutionListener@414f82d8, org.springframework.test.context.event.ApplicationEventsTestExecutionListener@20473e4d, org.springframework.boot.test.mock.mockito.MockitoTestExecutionListener@3f09a835, org.springframework.boot.test.autoconfigure.SpringBootDependencyInjectionTestExecutionListener@791dcf58, org.springframework.test.context.support.DirtiesContextTestExecutionListener@4479dbe1, org.springframework.test.context.transaction.TransactionalTestExecutionListener@5d553075, org.springframework.test.context.jdbc.SqlScriptsTestExecutionListener@2fef63ea, org.springframework.test.context.event.EventPublishingTestExecutionListener@381f0e40, org.springframework.boot.test.autoconfigure.restdocs.RestDocsTestExecutionListener@32336c71, org.springframework.boot.test.autoconfigure.web.client.MockRestServiceServerResetTestExecutionListener@469124da, org.springframework.boot.test.autoconfigure.web.servlet.MockMvcPrintOnlyOnFailureTestExecutionListener@1235efd1, org.springframework.boot.test.autoconfigure.web.servlet.WebDriverTestExecutionListener@52188ed9, org.springframework.boot.test.autoconfigure.webservices.client.MockWebServiceServerTestExecutionListener@7be1300f, org.springframework.boot.test.mock.mockito.ResetMocksTestExecutionListener@34996c5d]

  .   ____          _            __ _ _
 /\\ / ___'_ __ _ _(_)_ __  __ _ \ \ \ \
( ( )\___ | '_ | '_| | '_ \/ _` | \ \ \ \
 \\/  ___)| |_)| | | | | || (_| |  ) ) ) )
  '  |____| .__|_| |_|_| |_\__, | / / / /
 =========|_|==============|___/=/_/_/_/
 :: Spring Boot ::                (v2.6.3)

2022-12-17 21:13:09  INFO  Version - HV000001: Hibernate Validator 6.0.9.Final
2022-12-17 21:13:09  INFO  CommentControllerTest - Starting CommentControllerTest using Java 16 on MSI with PID 8048 (started by erica in C:\Users\erica\kenzie\ata-week-20-ericamuse95\IntegrationTests)
2022-12-17 21:13:09  INFO  CommentControllerTest - The following profiles are active: test
2022-12-17 21:13:11  INFO  RepositoryConfigurationDelegate - Bootstrapping Spring Data DynamoDB repositories in DEFAULT mode.
2022-12-17 21:13:11  INFO  RepositoryConfigurationDelegate - Finished Spring Data repository scanning in 48 ms. Found 1 DynamoDB repository interfaces.
2022-12-17 21:13:12  INFO  PostProcessorRegistrationDelegate$BeanPostProcessorChecker - Bean '(inner bean)#1ca7dcc3' of type [com.amazonaws.auth.EC2ContainerCredentialsProviderWrapper] is not eligible for getting processed by all BeanPostProcessors (for example: not eligible for auto-proxying)
2022-12-17 21:13:12  INFO  PostProcessorRegistrationDelegate$BeanPostProcessorChecker - Bean '(inner bean)#3ff7bfb7' of type [com.amazonaws.auth.profile.ProfileCredentialsProvider] is not eligible for getting processed by all BeanPostProcessors (for example: not eligible for auto-proxying)
2022-12-17 21:13:12  INFO  PostProcessorRegistrationDelegate$BeanPostProcessorChecker - Bean 'credentialsProvider' of type [org.springframework.cloud.aws.core.credentials.CredentialsProviderFactoryBean] is not eligible for getting processed by all BeanPostProcessors (for example: not eligible for auto-proxying)
2022-12-17 21:13:12  INFO  PostProcessorRegistrationDelegate$BeanPostProcessorChecker - Bean 'credentialsProvider' of type [com.amazonaws.auth.AWSCredentialsProviderChain] is not eligible for getting processed by all BeanPostProcessors (for example: not eligible for auto-proxying)
2022-12-17 21:13:12  INFO  PostProcessorRegistrationDelegate$BeanPostProcessorChecker - Bean 'dynamoDbConfig' of type [com.kenzie.chat.webapi.config.DynamoDbConfig$$EnhancerBySpringCGLIB$$2163044f] is not eligible for getting processed by all BeanPostProcessors (for example: not eligible for auto-proxying)
2022-12-17 21:13:12  INFO  PostProcessorRegistrationDelegate$BeanPostProcessorChecker - Bean 'amazonDynamoDB' of type [com.amazonaws.services.dynamodbv2.AmazonDynamoDBClient] is not eligible for getting processed by all BeanPostProcessors (for example: not eligible for auto-proxying)
2022-12-17 21:13:12  INFO  PostProcessorRegistrationDelegate$BeanPostProcessorChecker - Bean 'dynamoDB-DynamoDBMapperConfig' of type [com.amazonaws.services.dynamodbv2.datamodeling.DynamoDBMapperConfig] is not eligible for getting processed by all BeanPostProcessors (for example: not eligible for auto-proxying)
2022-12-17 21:13:13  INFO  TomcatWebServer - Tomcat initialized with port(s): 0 (http)
2022-12-17 21:13:13  INFO  ServletWebServerApplicationContext - Root WebApplicationContext: initialization completed in 3284 ms
2022-12-17 21:13:14  INFO  DynamoDBRepositoryFactory - Spring Data DynamoDB Version: 5.1.0 (2.1)
2022-12-17 21:13:14  INFO  DynamoDBRepositoryFactory - Spring Data Version:          2.6.2
2022-12-17 21:13:14  INFO  DynamoDBRepositoryFactory - AWS SDK Version:              1.11.1034
2022-12-17 21:13:14  INFO  DynamoDBRepositoryFactory - Java Version:                 16 - Java HotSpot(TM) 64-Bit Server VM 16+36-2231
2022-12-17 21:13:14  INFO  DynamoDBRepositoryFactory - Platform Details:             Windows 10 10.0
2022-12-17 21:13:14  WARN  DynamoDBRepositoryFactory - This Spring Data DynamoDB implementation might not be compatible with the available Spring Data classes on the classpath!
NoDefClassFoundExceptions or similar might occur!
2022-12-17 21:13:16  INFO  TestDispatcherServlet - Initializing Servlet ''
2022-12-17 21:13:16  INFO  EndpointLinksResolver - Exposing 1 endpoint(s) beneath base path '/actuator'
2022-12-17 21:13:16  INFO  TestDispatcherServlet - Completed initialization in 52 ms
2022-12-17 21:13:17  INFO  TomcatWebServer - Tomcat started on port(s): 54204 (http) with context path ''
2022-12-17 21:13:17  INFO  Entity2DynamoDBTableSynchronizer - Checking repository classes with DynamoDB tables KenzieChat-Comments for ContextRefreshedEvent
2022-12-17 21:13:18  INFO  CommentControllerTest - Started CommentControllerTest in 8.567 seconds (JVM running for 11.74)
]]></system-out>
  <system-err><![CDATA[Dec 17, 2022 9:13:13 PM org.apache.coyote.AbstractProtocol init
INFO: Initializing ProtocolHandler ["http-nio-auto-1"]
Dec 17, 2022 9:13:13 PM org.apache.catalina.core.StandardService startInternal
INFO: Starting service [Tomcat]
Dec 17, 2022 9:13:13 PM org.apache.catalina.core.StandardEngine startInternal
INFO: Starting Servlet engine: [Apache Tomcat/9.0.56]
Dec 17, 2022 9:13:13 PM org.apache.catalina.core.ApplicationContext log
INFO: Initializing Spring embedded WebApplicationContext
Dec 17, 2022 9:13:16 PM org.apache.catalina.core.ApplicationContext log
INFO: Initializing Spring TestDispatcherServlet ''
Dec 17, 2022 9:13:17 PM org.apache.coyote.AbstractProtocol start
INFO: Starting ProtocolHandler ["http-nio-auto-1"]
]]></system-err>
</testsuite>
