<?xml version="1.0" encoding="UTF-8"?>
<testsuite name="com.kenzie.chat.webapi.controller.UserControllerTest" tests="2" skipped="0" failures="0" errors="0" timestamp="2022-12-18T05:13:20" hostname="MSI" time="0.356">
  <properties/>
  <testcase name="can_create_user()" classname="com.kenzie.chat.webapi.controller.UserControllerTest" time="0.105"/>
  <testcase name="can_get_user()" classname="com.kenzie.chat.webapi.controller.UserControllerTest" time="0.25"/>
  <system-out><![CDATA[2022-12-17 21:13:20  INFO  AbstractContextLoader - Could not detect default resource locations for test class [com.kenzie.chat.webapi.controller.UserControllerTest]: no resource found for suffixes {-context.xml, Context.groovy}.
2022-12-17 21:13:20  INFO  AnnotationConfigContextLoaderUtils - Could not detect default configuration classes for test class [com.kenzie.chat.webapi.controller.UserControllerTest]: UserControllerTest does not declare any static, non-private, non-final, nested classes annotated with @Configuration.
2022-12-17 21:13:20  INFO  SpringBootTestContextBootstrapper - Found @SpringBootConfiguration com.kenzie.chat.Application for test class com.kenzie.chat.webapi.controller.UserControllerTest
2022-12-17 21:13:20  INFO  SpringBootTestContextBootstrapper - Loaded default TestExecutionListener class names from location [META-INF/spring.factories]: [org.springframework.boot.test.autoconfigure.restdocs.RestDocsTestExecutionListener, org.springframework.boot.test.autoconfigure.web.client.MockRestServiceServerResetTestExecutionListener, org.springframework.boot.test.autoconfigure.web.servlet.MockMvcPrintOnlyOnFailureTestExecutionListener, org.springframework.boot.test.autoconfigure.web.servlet.WebDriverTestExecutionListener, org.springframework.boot.test.autoconfigure.webservices.client.MockWebServiceServerTestExecutionListener, org.springframework.boot.test.mock.mockito.MockitoTestExecutionListener, org.springframework.boot.test.mock.mockito.ResetMocksTestExecutionListener, org.springframework.test.context.web.ServletTestExecutionListener, org.springframework.test.context.support.DirtiesContextBeforeModesTestExecutionListener, org.springframework.test.context.event.ApplicationEventsTestExecutionListener, org.springframework.test.context.support.DependencyInjectionTestExecutionListener, org.springframework.test.context.support.DirtiesContextTestExecutionListener, org.springframework.test.context.transaction.TransactionalTestExecutionListener, org.springframework.test.context.jdbc.SqlScriptsTestExecutionListener, org.springframework.test.context.event.EventPublishingTestExecutionListener]
2022-12-17 21:13:20  INFO  SpringBootTestContextBootstrapper - Using TestExecutionListeners: [org.springframework.test.context.web.ServletTestExecutionListener@69ed4ccd, org.springframework.test.context.support.DirtiesContextBeforeModesTestExecutionListener@4cd5521b, org.springframework.test.context.event.ApplicationEventsTestExecutionListener@311d9513, org.springframework.boot.test.mock.mockito.MockitoTestExecutionListener@122da693, org.springframework.boot.test.autoconfigure.SpringBootDependencyInjectionTestExecutionListener@11250b3f, org.springframework.test.context.support.DirtiesContextTestExecutionListener@7706d68a, org.springframework.test.context.transaction.TransactionalTestExecutionListener@2aee7074, org.springframework.test.context.jdbc.SqlScriptsTestExecutionListener@55884284, org.springframework.test.context.event.EventPublishingTestExecutionListener@6c4dd7f9, org.springframework.boot.test.autoconfigure.restdocs.RestDocsTestExecutionListener@2d3eee7c, org.springframework.boot.test.autoconfigure.web.client.MockRestServiceServerResetTestExecutionListener@748a467f, org.springframework.boot.test.autoconfigure.web.servlet.MockMvcPrintOnlyOnFailureTestExecutionListener@6381b608, org.springframework.boot.test.autoconfigure.web.servlet.WebDriverTestExecutionListener@6171479e, org.springframework.boot.test.autoconfigure.webservices.client.MockWebServiceServerTestExecutionListener@3b6618c2, org.springframework.boot.test.mock.mockito.ResetMocksTestExecutionListener@1df9086f]
]]></system-out>
  <system-err><![CDATA[]]></system-err>
</testsuite>
