<?xml version="1.0" encoding="UTF-8"?>
<testsuite name="com.kenzie.chat.webapi.controller.ContentModerationControllerTest" tests="1" skipped="0" failures="0" errors="0" timestamp="2022-12-18T05:13:19" hostname="MSI" time="1.468">
  <properties/>
  <testcase name="newUser_createsSpam_deactivateUser()" classname="com.kenzie.chat.webapi.controller.ContentModerationControllerTest" time="1.468"/>
  <system-out><![CDATA[2022-12-17 21:13:19  INFO  AbstractContextLoader - Could not detect default resource locations for test class [com.kenzie.chat.webapi.controller.ContentModerationControllerTest]: no resource found for suffixes {-context.xml, Context.groovy}.
2022-12-17 21:13:19  INFO  AnnotationConfigContextLoaderUtils - Could not detect default configuration classes for test class [com.kenzie.chat.webapi.controller.ContentModerationControllerTest]: ContentModerationControllerTest does not declare any static, non-private, non-final, nested classes annotated with @Configuration.
2022-12-17 21:13:19  INFO  SpringBootTestContextBootstrapper - Found @SpringBootConfiguration com.kenzie.chat.Application for test class com.kenzie.chat.webapi.controller.ContentModerationControllerTest
2022-12-17 21:13:19  INFO  SpringBootTestContextBootstrapper - Loaded default TestExecutionListener class names from location [META-INF/spring.factories]: [org.springframework.boot.test.autoconfigure.restdocs.RestDocsTestExecutionListener, org.springframework.boot.test.autoconfigure.web.client.MockRestServiceServerResetTestExecutionListener, org.springframework.boot.test.autoconfigure.web.servlet.MockMvcPrintOnlyOnFailureTestExecutionListener, org.springframework.boot.test.autoconfigure.web.servlet.WebDriverTestExecutionListener, org.springframework.boot.test.autoconfigure.webservices.client.MockWebServiceServerTestExecutionListener, org.springframework.boot.test.mock.mockito.MockitoTestExecutionListener, org.springframework.boot.test.mock.mockito.ResetMocksTestExecutionListener, org.springframework.test.context.web.ServletTestExecutionListener, org.springframework.test.context.support.DirtiesContextBeforeModesTestExecutionListener, org.springframework.test.context.event.ApplicationEventsTestExecutionListener, org.springframework.test.context.support.DependencyInjectionTestExecutionListener, org.springframework.test.context.support.DirtiesContextTestExecutionListener, org.springframework.test.context.transaction.TransactionalTestExecutionListener, org.springframework.test.context.jdbc.SqlScriptsTestExecutionListener, org.springframework.test.context.event.EventPublishingTestExecutionListener]
2022-12-17 21:13:19  INFO  SpringBootTestContextBootstrapper - Using TestExecutionListeners: [org.springframework.test.context.web.ServletTestExecutionListener@2ba810c2, org.springframework.test.context.support.DirtiesContextBeforeModesTestExecutionListener@a58d208, org.springframework.test.context.event.ApplicationEventsTestExecutionListener@4bcd1bb9, org.springframework.boot.test.mock.mockito.MockitoTestExecutionListener@4fe63612, org.springframework.boot.test.autoconfigure.SpringBootDependencyInjectionTestExecutionListener@24a3012c, org.springframework.test.context.support.DirtiesContextTestExecutionListener@68274f22, org.springframework.test.context.transaction.TransactionalTestExecutionListener@4b94914c, org.springframework.test.context.jdbc.SqlScriptsTestExecutionListener@353c688a, org.springframework.test.context.event.EventPublishingTestExecutionListener@92ab560, org.springframework.boot.test.autoconfigure.restdocs.RestDocsTestExecutionListener@5ba6b538, org.springframework.boot.test.autoconfigure.web.client.MockRestServiceServerResetTestExecutionListener@345741f1, org.springframework.boot.test.autoconfigure.web.servlet.MockMvcPrintOnlyOnFailureTestExecutionListener@627907c9, org.springframework.boot.test.autoconfigure.web.servlet.WebDriverTestExecutionListener@3ea43f53, org.springframework.boot.test.autoconfigure.webservices.client.MockWebServiceServerTestExecutionListener@504542ca, org.springframework.boot.test.mock.mockito.ResetMocksTestExecutionListener@5e93c9fa]
]]></system-out>
  <system-err><![CDATA[]]></system-err>
</testsuite>
